生成启动时间为 2015/4/12 23:13:31。
     1>项目“C:\Users\dell\Documents\Visual Studio 2012\Projects\Brief_Compiler_00\Brief_Compiler_00\Brief_Compiler_00.vcxproj”在节点 2 上(Build 个目标)。
     1>ClCompile:
         G:\高若谷文件\PROGRAM\VC\bin\CL.exe /c /ZI /nologo /W3 /WX- /sdl /Od /Oy- /D WIN32 /D _DEBUG /D _CONSOLE /D _UNICODE /D UNICODE /Gm /EHsc /RTC1 /MDd /GS /fp:precise /Zc:wchar_t /Zc:forScope /Yu"stdafx.h" /Fp"Debug\Brief_Compiler_00.pch" /Fo"Debug\\" /Fd"Debug\vc110.pdb" /Gd /TP /analyze- /errorReport:prompt Lexer.cpp
         Lexer.cpp
     1>c:\users\dell\documents\visual studio 2012\projects\brief_compiler_00\brief_compiler_00\lexer.cpp(138): warning C4018: “<”: 有符号/无符号不匹配
     1>c:\users\dell\documents\visual studio 2012\projects\brief_compiler_00\brief_compiler_00\lexer.cpp(168): warning C4018: “<”: 有符号/无符号不匹配
     1>c:\users\dell\documents\visual studio 2012\projects\brief_compiler_00\brief_compiler_00\lexer.cpp(173): warning C4018: “>=”: 有符号/无符号不匹配
     1>c:\users\dell\documents\visual studio 2012\projects\brief_compiler_00\brief_compiler_00\lexer.cpp(190): warning C4018: “<”: 有符号/无符号不匹配
     1>c:\users\dell\documents\visual studio 2012\projects\brief_compiler_00\brief_compiler_00\lexer.cpp(195): warning C4018: “<”: 有符号/无符号不匹配
     1>c:\users\dell\documents\visual studio 2012\projects\brief_compiler_00\brief_compiler_00\lexer.cpp(197): warning C4018: “<”: 有符号/无符号不匹配
     1>c:\users\dell\documents\visual studio 2012\projects\brief_compiler_00\brief_compiler_00\lexer.cpp(310): warning C4018: “<”: 有符号/无符号不匹配
     1>c:\users\dell\documents\visual studio 2012\projects\brief_compiler_00\brief_compiler_00\lexer.cpp(330): warning C4018: “>=”: 有符号/无符号不匹配
       Link:
         G:\高若谷文件\PROGRAM\VC\bin\link.exe /ERRORREPORT:PROMPT /OUT:"C:\Users\dell\Documents\Visual Studio 2012\Projects\Brief_Compiler_00\Debug\Brief_Compiler_00.exe" /INCREMENTAL /NOLOGO opencv_core246d.lib opencv_highgui246d.lib opencv_video246d.lib opencv_ml246d.lib opencv_legacy246d.lib opencv_imgproc246d.lib opencv_flann246d.lib opencv_features2d246d.lib opencv_calib3d246d.lib opencv_objdetect246d.lib opencv_contrib246d.lib kernel32.lib user32.lib gdi32.lib winspool.lib comdlg32.lib advapi32.lib shell32.lib ole32.lib oleaut32.lib uuid.lib odbc32.lib odbccp32.lib kernel32.lib user32.lib gdi32.lib winspool.lib comdlg32.lib advapi32.lib shell32.lib ole32.lib oleaut32.lib uuid.lib odbc32.lib odbccp32.lib /MANIFEST /MANIFESTUAC:"level='asInvoker' uiAccess='false'" /manifest:embed /DEBUG /PDB:"C:\Users\dell\Documents\Visual Studio 2012\Projects\Brief_Compiler_00\Debug\Brief_Compiler_00.pdb" /SUBSYSTEM:CONSOLE /TLBID:1 /DYNAMICBASE /NXCOMPAT /IMPLIB:"C:\Users\dell\Documents\Visual Studio 2012\Projects\Brief_Compiler_00\Debug\Brief_Compiler_00.lib" /MACHINE:X86 Debug\BriefCompiler.obj
         Debug\Lexer.obj
         Debug\main.obj
         Debug\stdafx.obj
         Brief_Compiler_00.vcxproj -> C:\Users\dell\Documents\Visual Studio 2012\Projects\Brief_Compiler_00\Debug\Brief_Compiler_00.exe
     1>已完成生成项目“C:\Users\dell\Documents\Visual Studio 2012\Projects\Brief_Compiler_00\Brief_Compiler_00\Brief_Compiler_00.vcxproj”(Build 个目标)的操作。

生成成功。

已用时间 00:00:00.62
